2025-01-03 18:49:28 - INFO - Started scraping topsport
2025-01-03 18:49:29 - INFO - Scraped 9 NBA matches
2025-01-03 18:49:30 - INFO - Scraped 12 Eurolyga matches
2025-01-03 18:49:31 - INFO - Scraped 18 UEFA matches
2025-01-03 18:49:32 - INFO - Scraped 8 UEFA Konf. matches
2025-01-03 18:49:33 - INFO - Scraped 16 NFL matches
2025-01-03 18:49:34 - INFO - Scraped 17 NHL matches
2025-01-03 18:49:34 - INFO - Scraped 1 Smiginis matches
2025-01-03 18:49:34 - INFO - Started scraping 7bet
2025-01-03 18:49:34 - INFO - Scraped 9 NBA matches
2025-01-03 18:49:34 - INFO - Scraped 5 Eurolyga matches
2025-01-03 18:49:35 - INFO - Scraped 18 UEFA matches
2025-01-03 18:49:35 - INFO - Scraped 8 UEFA Konf. matches
2025-01-03 18:49:35 - INFO - Scraped 16 NFL matches
2025-01-03 18:49:35 - INFO - Scraped 1 Smiginis matches
2025-01-03 18:49:35 - INFO - Started scraping betsafe
2025-01-03 18:49:35 - INFO - Scraped 9 NBA matches
2025-01-03 18:49:36 - INFO - Scraped 16 Eurolyga matches
2025-01-03 18:49:36 - INFO - Scraped 18 UEFA matches
2025-01-03 18:49:36 - INFO - Scraped 16 NFL matches
2025-01-03 18:49:36 - INFO - Scraped 5 NHL matches
2025-01-03 18:49:36 - INFO - Scraped 14 AHL matches
2025-01-03 18:49:36 - INFO - Scraped 1 Smiginis matches
2025-01-03 18:49:36 - INFO - Started merging dataframes
2025-01-03 18:49:37 - INFO - Merged 108 matches
2025-01-03 18:49:37 - INFO - Started checking arbitrages
2025-01-03 18:49:37 - INFO - Found arbitrages for 0 matches
2025-01-03 18:49:37 - INFO - Starting database connection
2025-01-03 18:49:38 - INFO - Inserted 0 new matches to 'matches' table
2025-01-03 18:49:38 - INFO - Inserted 108 new rows to 'scraped_data' table
2025-01-03 18:49:38 - INFO - Found 0 new matches with arbitrage
2025-01-03 18:49:38 - INFO - No arbitrage found.
